12:46:53,602  INFO TaskChain:61 - Start task chain test SP-CT attitude
l12:46:53,678  INFO TaskChain:66 - Task start: SP-CT LINEAR
l12:46:53,993  INFO TaskChain:70 - Task done: SP-CT LINEAR. Time: 316 
l12:46:53,993  INFO TaskChain:74 - Task chain done. Time: 402
l13:03:28,459  INFO TaskChain:61 - Start task chain test SP-CT attitude
l13:03:28,537  INFO TaskChain:66 - Task start: SP-CT LINEAR
l13:03:28,844  INFO TaskChain:70 - Task done: SP-CT LINEAR. Time: 307 
l13:03:28,845  INFO TaskChain:74 - Task chain done. Time: 396
l13:03:41,489  INFO TaskChain:61 - Start task chain test SP-CT attitude
l13:03:41,570  INFO TaskChain:66 - Task start: SP-CT LINEAR
l13:03:41,885  INFO TaskChain:70 - Task done: SP-CT LINEAR. Time: 314 
l13:03:41,885  INFO TaskChain:74 - Task chain done. Time: 406
l13:04:12,853  INFO TaskChain:61 - Start task chain test SP-CT attitude
l13:04:12,929  INFO TaskChain:66 - Task start: SP-CT LINEAR
l13:04:13,257  INFO TaskChain:70 - Task done: SP-CT LINEAR. Time: 328 
l13:04:13,258  INFO TaskChain:74 - Task chain done. Time: 414
l13:07:17,485  INFO TaskChain:61 - Start task chain test SP-CT attitude
l13:07:17,565  INFO TaskChain:66 - Task start: SP-CT LINEAR
l13:07:17,914  INFO TaskChain:70 - Task done: SP-CT LINEAR. Time: 348 
l13:07:17,914  INFO TaskChain:74 - Task chain done. Time: 439
l13:15:28,594  INFO TaskChain:61 - Start task chain test SP-CT attitude
l13:15:28,673  INFO TaskChain:66 - Task start: SP-CT LINEAR
l13:15:29,006  INFO TaskChain:70 - Task done: SP-CT LINEAR. Time: 333 
l13:15:29,006  INFO TaskChain:74 - Task chain done. Time: 426
l13:17:09,991  INFO TaskChain:61 - Start task chain test
l13:17:10,083  INFO TaskChain:66 - Task start: Comm Classifier (k=4, p=0.3, x=0.0) n = [100, 50, 30, 20] probabilities = [[D@61443d8f, [D@445b84c0, [D@61a52fbd, [D@233c0b17] numOfClusters = 4 count = 2, pointsCount=10 FRACTION
l13:17:12,294  INFO TaskChain:70 - Task done: Comm Classifier (k=4, p=0.3, x=0.0) n = [100, 50, 30, 20] probabilities = [[D@61443d8f, [D@445b84c0, [D@61a52fbd, [D@233c0b17] numOfClusters = 4 count = 2, pointsCount=10 FRACTION. Time: 2213 
l13:17:12,294  INFO TaskChain:74 - Task chain done. Time: 2315
l13:18:08,176  INFO TaskChain:61 - Start task chain Classifier (k=4, p=0.3, x=0.0) n = [100, 50, 30, 20] probabilities = [[D@66048bfd, [D@61443d8f, [D@445b84c0, [D@61a52fbd] numOfClusters = 4 count = 5, pointsCount=10
l13:18:08,181  INFO TaskChain:66 - Task start: Plain Walk Classifier (k=4, p=0.3, x=0.0) n = [100, 50, 30, 20] probabilities = [[D@66048bfd, [D@61443d8f, [D@445b84c0, [D@61a52fbd] numOfClusters = 4 count = 5, pointsCount=10 RHO
l13:18:16,567  INFO TaskChain:70 - Task done: Plain Walk Classifier (k=4, p=0.3, x=0.0) n = [100, 50, 30, 20] probabilities = [[D@66048bfd, [D@61443d8f, [D@445b84c0, [D@61a52fbd] numOfClusters = 4 count = 5, pointsCount=10 RHO. Time: 8386 
l13:18:16,567  INFO TaskChain:66 - Task start: Walk Classifier (k=4, p=0.3, x=0.0) n = [100, 50, 30, 20] probabilities = [[D@66048bfd, [D@61443d8f, [D@445b84c0, [D@61a52fbd] numOfClusters = 4 count = 5, pointsCount=10 RHO
l13:18:24,308  INFO TaskChain:70 - Task done: Walk Classifier (k=4, p=0.3, x=0.0) n = [100, 50, 30, 20] probabilities = [[D@66048bfd, [D@61443d8f, [D@445b84c0, [D@61a52fbd] numOfClusters = 4 count = 5, pointsCount=10 RHO. Time: 7741 
l13:18:24,308  INFO TaskChain:66 - Task start: For Classifier (k=4, p=0.3, x=0.0) n = [100, 50, 30, 20] probabilities = [[D@66048bfd, [D@61443d8f, [D@445b84c0, [D@61a52fbd] numOfClusters = 4 count = 5, pointsCount=10 FRACTION
l13:18:25,191  INFO TaskChain:70 - Task done: For Classifier (k=4, p=0.3, x=0.0) n = [100, 50, 30, 20] probabilities = [[D@66048bfd, [D@61443d8f, [D@445b84c0, [D@61a52fbd] numOfClusters = 4 count = 5, pointsCount=10 FRACTION. Time: 883 
l13:18:25,192  INFO TaskChain:66 - Task start: logFor Classifier (k=4, p=0.3, x=0.0) n = [100, 50, 30, 20] probabilities = [[D@66048bfd, [D@61443d8f, [D@445b84c0, [D@61a52fbd] numOfClusters = 4 count = 5, pointsCount=10 FRACTION
l13:18:26,138  INFO TaskChain:70 - Task done: logFor Classifier (k=4, p=0.3, x=0.0) n = [100, 50, 30, 20] probabilities = [[D@66048bfd, [D@61443d8f, [D@445b84c0, [D@61a52fbd] numOfClusters = 4 count = 5, pointsCount=10 FRACTION. Time: 946 
l13:18:26,139  INFO TaskChain:66 - Task start: Comm Classifier (k=4, p=0.3, x=0.0) n = [100, 50, 30, 20] probabilities = [[D@66048bfd, [D@61443d8f, [D@445b84c0, [D@61a52fbd] numOfClusters = 4 count = 5, pointsCount=10 FRACTION
l13:18:29,696  INFO TaskChain:70 - Task done: Comm Classifier (k=4, p=0.3, x=0.0) n = [100, 50, 30, 20] probabilities = [[D@66048bfd, [D@61443d8f, [D@445b84c0, [D@61a52fbd] numOfClusters = 4 count = 5, pointsCount=10 FRACTION. Time: 3556 
l13:18:29,696  INFO TaskChain:66 - Task start: logComm Classifier (k=4, p=0.3, x=0.0) n = [100, 50, 30, 20] probabilities = [[D@66048bfd, [D@61443d8f, [D@445b84c0, [D@61a52fbd] numOfClusters = 4 count = 5, pointsCount=10 FRACTION
l13:18:33,212  INFO TaskChain:70 - Task done: logComm Classifier (k=4, p=0.3, x=0.0) n = [100, 50, 30, 20] probabilities = [[D@66048bfd, [D@61443d8f, [D@445b84c0, [D@61a52fbd] numOfClusters = 4 count = 5, pointsCount=10 FRACTION. Time: 3516 
l13:18:33,212  INFO TaskChain:66 - Task start: SP-CT Classifier (k=4, p=0.3, x=0.0) n = [100, 50, 30, 20] probabilities = [[D@66048bfd, [D@61443d8f, [D@445b84c0, [D@61a52fbd] numOfClusters = 4 count = 5, pointsCount=10 LINEAR
l13:18:57,005  INFO TaskChain:70 - Task done: SP-CT Classifier (k=4, p=0.3, x=0.0) n = [100, 50, 30, 20] probabilities = [[D@66048bfd, [D@61443d8f, [D@445b84c0, [D@61a52fbd] numOfClusters = 4 count = 5, pointsCount=10 LINEAR. Time: 23793 
l13:18:57,005  INFO TaskChain:66 - Task start: FE Classifier (k=4, p=0.3, x=0.0) n = [100, 50, 30, 20] probabilities = [[D@66048bfd, [D@61443d8f, [D@445b84c0, [D@61a52fbd] numOfClusters = 4 count = 5, pointsCount=10 FRACTION_BETA
l13:19:22,307  INFO TaskChain:70 - Task done: FE Classifier (k=4, p=0.3, x=0.0) n = [100, 50, 30, 20] probabilities = [[D@66048bfd, [D@61443d8f, [D@445b84c0, [D@61a52fbd] numOfClusters = 4 count = 5, pointsCount=10 FRACTION_BETA. Time: 25302 
l13:19:22,308  INFO TaskChain:74 - Task chain done. Time: 74135
l13:19:22,327  INFO TaskChain:61 - Start task chain test
l13:19:22,328  INFO TaskChain:66 - Task start: Comm Clusterer (k=4)n = [100, 50, 30, 20] probabilities = [[D@12843fce, [D@3dd3bcd, [D@97e1986, [D@26f67b76] numOfClusters = 4 count = 2, pointsCount=10 FRACTION
l13:19:23,801  INFO TaskChain:70 - Task done: Comm Clusterer (k=4)n = [100, 50, 30, 20] probabilities = [[D@12843fce, [D@3dd3bcd, [D@97e1986, [D@26f67b76] numOfClusters = 4 count = 2, pointsCount=10 FRACTION. Time: 1473 
l13:19:23,801  INFO TaskChain:74 - Task chain done. Time: 1474
l13:19:23,818  INFO TaskChain:61 - Start task chain test SP-CT attitude
l13:19:23,818  INFO TaskChain:66 - Task start: SP-CT LINEAR
l13:19:23,826  INFO TaskChain:70 - Task done: SP-CT LINEAR. Time: 8 
l13:19:23,826  INFO TaskChain:74 - Task chain done. Time: 8
l13:19:24,225  INFO TaskChain:61 - Start task chain test
l13:19:24,226  INFO TaskChain:66 - Task start: Comm Classifier (k=4, p=0.3, x=0.0) n = [100, 50, 30, 20] probabilities = [[D@7d9d1a19, [D@39c0f4a, [D@1794d431, [D@42e26948] numOfClusters = 4 count = 2, pointsCount=10 FRACTION
l13:19:25,744  INFO TaskChain:70 - Task done: Comm Classifier (k=4, p=0.3, x=0.0) n = [100, 50, 30, 20] probabilities = [[D@7d9d1a19, [D@39c0f4a, [D@1794d431, [D@42e26948] numOfClusters = 4 count = 2, pointsCount=10 FRACTION. Time: 1518 
l13:19:25,745  INFO TaskChain:74 - Task chain done. Time: 1520
l13:27:05,060  INFO TaskChain:61 - Start task chain Classifier (k=4, p=0.3, x=0.0); Graphs: n = [100, 50, 30, 20], probabilities = [[D@66048bfd, [D@61443d8f, [D@445b84c0, [D@61a52fbd], numOfClusters = 4, count = 5, pointsCount=10
l13:27:05,065  INFO TaskChain:66 - Task start: Plain Walk RHO, Classifier (k=4, p=0.3, x=0.0); Graphs: n = [100, 50, 30, 20], probabilities = [[D@66048bfd, [D@61443d8f, [D@445b84c0, [D@61a52fbd], numOfClusters = 4, count = 5, pointsCount = 10
l13:27:13,942  INFO TaskChain:70 - Task done: Plain Walk RHO, Classifier (k=4, p=0.3, x=0.0); Graphs: n = [100, 50, 30, 20], probabilities = [[D@66048bfd, [D@61443d8f, [D@445b84c0, [D@61a52fbd], numOfClusters = 4, count = 5, pointsCount = 10. Time: 8877 
l13:27:13,943  INFO TaskChain:66 - Task start: Walk RHO, Classifier (k=4, p=0.3, x=0.0); Graphs: n = [100, 50, 30, 20], probabilities = [[D@66048bfd, [D@61443d8f, [D@445b84c0, [D@61a52fbd], numOfClusters = 4, count = 5, pointsCount = 10
l13:27:21,563  INFO TaskChain:70 - Task done: Walk RHO, Classifier (k=4, p=0.3, x=0.0); Graphs: n = [100, 50, 30, 20], probabilities = [[D@66048bfd, [D@61443d8f, [D@445b84c0, [D@61a52fbd], numOfClusters = 4, count = 5, pointsCount = 10. Time: 7620 
l13:27:21,563  INFO TaskChain:66 - Task start: For FRACTION, Classifier (k=4, p=0.3, x=0.0); Graphs: n = [100, 50, 30, 20], probabilities = [[D@66048bfd, [D@61443d8f, [D@445b84c0, [D@61a52fbd], numOfClusters = 4, count = 5, pointsCount = 10
l13:27:22,492  INFO TaskChain:70 - Task done: For FRACTION, Classifier (k=4, p=0.3, x=0.0); Graphs: n = [100, 50, 30, 20], probabilities = [[D@66048bfd, [D@61443d8f, [D@445b84c0, [D@61a52fbd], numOfClusters = 4, count = 5, pointsCount = 10. Time: 929 
l13:27:22,493  INFO TaskChain:66 - Task start: logFor FRACTION, Classifier (k=4, p=0.3, x=0.0); Graphs: n = [100, 50, 30, 20], probabilities = [[D@66048bfd, [D@61443d8f, [D@445b84c0, [D@61a52fbd], numOfClusters = 4, count = 5, pointsCount = 10
l13:27:23,462  INFO TaskChain:70 - Task done: logFor FRACTION, Classifier (k=4, p=0.3, x=0.0); Graphs: n = [100, 50, 30, 20], probabilities = [[D@66048bfd, [D@61443d8f, [D@445b84c0, [D@61a52fbd], numOfClusters = 4, count = 5, pointsCount = 10. Time: 969 
l13:27:23,462  INFO TaskChain:66 - Task start: Comm FRACTION, Classifier (k=4, p=0.3, x=0.0); Graphs: n = [100, 50, 30, 20], probabilities = [[D@66048bfd, [D@61443d8f, [D@445b84c0, [D@61a52fbd], numOfClusters = 4, count = 5, pointsCount = 10
l13:27:27,175  INFO TaskChain:70 - Task done: Comm FRACTION, Classifier (k=4, p=0.3, x=0.0); Graphs: n = [100, 50, 30, 20], probabilities = [[D@66048bfd, [D@61443d8f, [D@445b84c0, [D@61a52fbd], numOfClusters = 4, count = 5, pointsCount = 10. Time: 3713 
l13:27:27,176  INFO TaskChain:66 - Task start: logComm FRACTION, Classifier (k=4, p=0.3, x=0.0); Graphs: n = [100, 50, 30, 20], probabilities = [[D@66048bfd, [D@61443d8f, [D@445b84c0, [D@61a52fbd], numOfClusters = 4, count = 5, pointsCount = 10
l13:27:30,938  INFO TaskChain:70 - Task done: logComm FRACTION, Classifier (k=4, p=0.3, x=0.0); Graphs: n = [100, 50, 30, 20], probabilities = [[D@66048bfd, [D@61443d8f, [D@445b84c0, [D@61a52fbd], numOfClusters = 4, count = 5, pointsCount = 10. Time: 3762 
l13:27:30,938  INFO TaskChain:66 - Task start: SP-CT LINEAR, Classifier (k=4, p=0.3, x=0.0); Graphs: n = [100, 50, 30, 20], probabilities = [[D@66048bfd, [D@61443d8f, [D@445b84c0, [D@61a52fbd], numOfClusters = 4, count = 5, pointsCount = 10
l13:27:55,681  INFO TaskChain:70 - Task done: SP-CT LINEAR, Classifier (k=4, p=0.3, x=0.0); Graphs: n = [100, 50, 30, 20], probabilities = [[D@66048bfd, [D@61443d8f, [D@445b84c0, [D@61a52fbd], numOfClusters = 4, count = 5, pointsCount = 10. Time: 24743 
l13:27:55,682  INFO TaskChain:66 - Task start: FE FRACTION_BETA, Classifier (k=4, p=0.3, x=0.0); Graphs: n = [100, 50, 30, 20], probabilities = [[D@66048bfd, [D@61443d8f, [D@445b84c0, [D@61a52fbd], numOfClusters = 4, count = 5, pointsCount = 10
l13:28:22,896  INFO TaskChain:70 - Task done: FE FRACTION_BETA, Classifier (k=4, p=0.3, x=0.0); Graphs: n = [100, 50, 30, 20], probabilities = [[D@66048bfd, [D@61443d8f, [D@445b84c0, [D@61a52fbd], numOfClusters = 4, count = 5, pointsCount = 10. Time: 27214 
l13:28:22,897  INFO TaskChain:74 - Task chain done. Time: 77840
l13:28:22,915  INFO TaskChain:61 - Start task chain test
l13:28:22,915  INFO TaskChain:66 - Task start: Comm FRACTION, Clusterer (k=4); Graphs: n = [100, 50, 30, 20], probabilities = [[D@12843fce, [D@3dd3bcd, [D@97e1986, [D@26f67b76], numOfClusters = 4, count = 2, pointsCount = 10
l13:28:24,530  INFO TaskChain:70 - Task done: Comm FRACTION, Clusterer (k=4); Graphs: n = [100, 50, 30, 20], probabilities = [[D@12843fce, [D@3dd3bcd, [D@97e1986, [D@26f67b76], numOfClusters = 4, count = 2, pointsCount = 10. Time: 1615 
l13:28:24,530  INFO TaskChain:74 - Task chain done. Time: 1615
l13:28:24,549  INFO TaskChain:61 - Start task chain test SP-CT attitude
l13:28:24,550  INFO TaskChain:66 - Task start: SP-CT LINEAR
l13:28:24,556  INFO TaskChain:70 - Task done: SP-CT LINEAR. Time: 6 
l13:28:24,557  INFO TaskChain:74 - Task chain done. Time: 8
l13:28:24,933  INFO TaskChain:61 - Start task chain test
l13:28:24,934  INFO TaskChain:66 - Task start: Comm FRACTION, Classifier (k=4, p=0.3, x=0.0); Graphs: n = [100, 50, 30, 20], probabilities = [[D@7d9d1a19, [D@39c0f4a, [D@1794d431, [D@42e26948], numOfClusters = 4, count = 2, pointsCount = 10
l13:28:26,542  INFO TaskChain:70 - Task done: Comm FRACTION, Classifier (k=4, p=0.3, x=0.0); Graphs: n = [100, 50, 30, 20], probabilities = [[D@7d9d1a19, [D@39c0f4a, [D@1794d431, [D@42e26948], numOfClusters = 4, count = 2, pointsCount = 10. Time: 1608 
l13:28:26,542  INFO TaskChain:74 - Task chain done. Time: 1609
l13:30:29,094  INFO TaskChain:61 - Start task chain Classifier: k=4, p=0.3, x=0.0; Graphs: n = [100, 50, 30, 20], probabilities = [[0.4, 0.02, 0.02, 0.02], [0.02, 0.4, 0.02, 0.02], [0.02, 0.02, 0.4, 0.02], [0.02, 0.02, 0.02, 0.4]], numOfClusters = 4, count = 5, pointsCount=10
l13:30:29,099  INFO TaskChain:66 - Task start: Plain Walk RHO; Classifier: k=4, p=0.3, x=0.0; Graphs: n = [100, 50, 30, 20], probabilities = [[0.4, 0.02, 0.02, 0.02], [0.02, 0.4, 0.02, 0.02], [0.02, 0.02, 0.4, 0.02], [0.02, 0.02, 0.02, 0.4]], numOfClusters = 4, count = 5, pointsCount = 10
l13:30:37,818  INFO TaskChain:70 - Task done: Plain Walk RHO; Classifier: k=4, p=0.3, x=0.0; Graphs: n = [100, 50, 30, 20], probabilities = [[0.4, 0.02, 0.02, 0.02], [0.02, 0.4, 0.02, 0.02], [0.02, 0.02, 0.4, 0.02], [0.02, 0.02, 0.02, 0.4]], numOfClusters = 4, count = 5, pointsCount = 10. Time: 8719 
l13:30:37,818  INFO TaskChain:66 - Task start: Walk RHO; Classifier: k=4, p=0.3, x=0.0; Graphs: n = [100, 50, 30, 20], probabilities = [[0.4, 0.02, 0.02, 0.02], [0.02, 0.4, 0.02, 0.02], [0.02, 0.02, 0.4, 0.02], [0.02, 0.02, 0.02, 0.4]], numOfClusters = 4, count = 5, pointsCount = 10
l13:30:45,518  INFO TaskChain:70 - Task done: Walk RHO; Classifier: k=4, p=0.3, x=0.0; Graphs: n = [100, 50, 30, 20], probabilities = [[0.4, 0.02, 0.02, 0.02], [0.02, 0.4, 0.02, 0.02], [0.02, 0.02, 0.4, 0.02], [0.02, 0.02, 0.02, 0.4]], numOfClusters = 4, count = 5, pointsCount = 10. Time: 7699 
l13:30:45,519  INFO TaskChain:66 - Task start: For FRACTION; Classifier: k=4, p=0.3, x=0.0; Graphs: n = [100, 50, 30, 20], probabilities = [[0.4, 0.02, 0.02, 0.02], [0.02, 0.4, 0.02, 0.02], [0.02, 0.02, 0.4, 0.02], [0.02, 0.02, 0.02, 0.4]], numOfClusters = 4, count = 5, pointsCount = 10
l13:30:46,454  INFO TaskChain:70 - Task done: For FRACTION; Classifier: k=4, p=0.3, x=0.0; Graphs: n = [100, 50, 30, 20], probabilities = [[0.4, 0.02, 0.02, 0.02], [0.02, 0.4, 0.02, 0.02], [0.02, 0.02, 0.4, 0.02], [0.02, 0.02, 0.02, 0.4]], numOfClusters = 4, count = 5, pointsCount = 10. Time: 936 
l13:30:46,455  INFO TaskChain:66 - Task start: logFor FRACTION; Classifier: k=4, p=0.3, x=0.0; Graphs: n = [100, 50, 30, 20], probabilities = [[0.4, 0.02, 0.02, 0.02], [0.02, 0.4, 0.02, 0.02], [0.02, 0.02, 0.4, 0.02], [0.02, 0.02, 0.02, 0.4]], numOfClusters = 4, count = 5, pointsCount = 10
l13:30:47,443  INFO TaskChain:70 - Task done: logFor FRACTION; Classifier: k=4, p=0.3, x=0.0; Graphs: n = [100, 50, 30, 20], probabilities = [[0.4, 0.02, 0.02, 0.02], [0.02, 0.4, 0.02, 0.02], [0.02, 0.02, 0.4, 0.02], [0.02, 0.02, 0.02, 0.4]], numOfClusters = 4, count = 5, pointsCount = 10. Time: 988 
l13:30:47,444  INFO TaskChain:66 - Task start: Comm FRACTION; Classifier: k=4, p=0.3, x=0.0; Graphs: n = [100, 50, 30, 20], probabilities = [[0.4, 0.02, 0.02, 0.02], [0.02, 0.4, 0.02, 0.02], [0.02, 0.02, 0.4, 0.02], [0.02, 0.02, 0.02, 0.4]], numOfClusters = 4, count = 5, pointsCount = 10
l13:30:51,218  INFO TaskChain:70 - Task done: Comm FRACTION; Classifier: k=4, p=0.3, x=0.0; Graphs: n = [100, 50, 30, 20], probabilities = [[0.4, 0.02, 0.02, 0.02], [0.02, 0.4, 0.02, 0.02], [0.02, 0.02, 0.4, 0.02], [0.02, 0.02, 0.02, 0.4]], numOfClusters = 4, count = 5, pointsCount = 10. Time: 3774 
l13:30:51,218  INFO TaskChain:66 - Task start: logComm FRACTION; Classifier: k=4, p=0.3, x=0.0; Graphs: n = [100, 50, 30, 20], probabilities = [[0.4, 0.02, 0.02, 0.02], [0.02, 0.4, 0.02, 0.02], [0.02, 0.02, 0.4, 0.02], [0.02, 0.02, 0.02, 0.4]], numOfClusters = 4, count = 5, pointsCount = 10
l13:30:55,136  INFO TaskChain:70 - Task done: logComm FRACTION; Classifier: k=4, p=0.3, x=0.0; Graphs: n = [100, 50, 30, 20], probabilities = [[0.4, 0.02, 0.02, 0.02], [0.02, 0.4, 0.02, 0.02], [0.02, 0.02, 0.4, 0.02], [0.02, 0.02, 0.02, 0.4]], numOfClusters = 4, count = 5, pointsCount = 10. Time: 3918 
l13:30:55,137  INFO TaskChain:66 - Task start: SP-CT LINEAR; Classifier: k=4, p=0.3, x=0.0; Graphs: n = [100, 50, 30, 20], probabilities = [[0.4, 0.02, 0.02, 0.02], [0.02, 0.4, 0.02, 0.02], [0.02, 0.02, 0.4, 0.02], [0.02, 0.02, 0.02, 0.4]], numOfClusters = 4, count = 5, pointsCount = 10
l13:31:21,287  INFO TaskChain:61 - Start task chain Classifier: k=4, p=0.3, x=0.0;
Graphs: n = [100, 50, 30, 20], probabilities = [[0.4, 0.02, 0.02, 0.02], [0.02, 0.4, 0.02, 0.02], [0.02, 0.02, 0.4, 0.02], [0.02, 0.02, 0.02, 0.4]], numOfClusters = 4, count = 5, pointsCount=10
l13:31:21,292  INFO TaskChain:66 - Task start: Plain Walk RHO; Classifier: k=4, p=0.3, x=0.0;
Graphs: n = [100, 50, 30, 20], probabilities = [[0.4, 0.02, 0.02, 0.02], [0.02, 0.4, 0.02, 0.02], [0.02, 0.02, 0.4, 0.02], [0.02, 0.02, 0.02, 0.4]], numOfClusters = 4, count = 5, pointsCount = 10
l13:31:29,834  INFO TaskChain:70 - Task done: Plain Walk RHO; Classifier: k=4, p=0.3, x=0.0;
Graphs: n = [100, 50, 30, 20], probabilities = [[0.4, 0.02, 0.02, 0.02], [0.02, 0.4, 0.02, 0.02], [0.02, 0.02, 0.4, 0.02], [0.02, 0.02, 0.02, 0.4]], numOfClusters = 4, count = 5, pointsCount = 10. Time: 8542 
l13:31:29,834  INFO TaskChain:66 - Task start: Walk RHO; Classifier: k=4, p=0.3, x=0.0;
Graphs: n = [100, 50, 30, 20], probabilities = [[0.4, 0.02, 0.02, 0.02], [0.02, 0.4, 0.02, 0.02], [0.02, 0.02, 0.4, 0.02], [0.02, 0.02, 0.02, 0.4]], numOfClusters = 4, count = 5, pointsCount = 10
l13:31:37,497  INFO TaskChain:70 - Task done: Walk RHO; Classifier: k=4, p=0.3, x=0.0;
Graphs: n = [100, 50, 30, 20], probabilities = [[0.4, 0.02, 0.02, 0.02], [0.02, 0.4, 0.02, 0.02], [0.02, 0.02, 0.4, 0.02], [0.02, 0.02, 0.02, 0.4]], numOfClusters = 4, count = 5, pointsCount = 10. Time: 7661 
l13:31:37,497  INFO TaskChain:66 - Task start: For FRACTION; Classifier: k=4, p=0.3, x=0.0;
Graphs: n = [100, 50, 30, 20], probabilities = [[0.4, 0.02, 0.02, 0.02], [0.02, 0.4, 0.02, 0.02], [0.02, 0.02, 0.4, 0.02], [0.02, 0.02, 0.02, 0.4]], numOfClusters = 4, count = 5, pointsCount = 10
l13:31:38,415  INFO TaskChain:70 - Task done: For FRACTION; Classifier: k=4, p=0.3, x=0.0;
Graphs: n = [100, 50, 30, 20], probabilities = [[0.4, 0.02, 0.02, 0.02], [0.02, 0.4, 0.02, 0.02], [0.02, 0.02, 0.4, 0.02], [0.02, 0.02, 0.02, 0.4]], numOfClusters = 4, count = 5, pointsCount = 10. Time: 917 
l13:31:38,415  INFO TaskChain:66 - Task start: logFor FRACTION; Classifier: k=4, p=0.3, x=0.0;
Graphs: n = [100, 50, 30, 20], probabilities = [[0.4, 0.02, 0.02, 0.02], [0.02, 0.4, 0.02, 0.02], [0.02, 0.02, 0.4, 0.02], [0.02, 0.02, 0.02, 0.4]], numOfClusters = 4, count = 5, pointsCount = 10
l13:31:39,431  INFO TaskChain:70 - Task done: logFor FRACTION; Classifier: k=4, p=0.3, x=0.0;
Graphs: n = [100, 50, 30, 20], probabilities = [[0.4, 0.02, 0.02, 0.02], [0.02, 0.4, 0.02, 0.02], [0.02, 0.02, 0.4, 0.02], [0.02, 0.02, 0.02, 0.4]], numOfClusters = 4, count = 5, pointsCount = 10. Time: 1016 
l13:31:39,432  INFO TaskChain:66 - Task start: Comm FRACTION; Classifier: k=4, p=0.3, x=0.0;
Graphs: n = [100, 50, 30, 20], probabilities = [[0.4, 0.02, 0.02, 0.02], [0.02, 0.4, 0.02, 0.02], [0.02, 0.02, 0.4, 0.02], [0.02, 0.02, 0.02, 0.4]], numOfClusters = 4, count = 5, pointsCount = 10
l13:31:43,039  INFO TaskChain:70 - Task done: Comm FRACTION; Classifier: k=4, p=0.3, x=0.0;
Graphs: n = [100, 50, 30, 20], probabilities = [[0.4, 0.02, 0.02, 0.02], [0.02, 0.4, 0.02, 0.02], [0.02, 0.02, 0.4, 0.02], [0.02, 0.02, 0.02, 0.4]], numOfClusters = 4, count = 5, pointsCount = 10. Time: 3606 
l13:31:43,039  INFO TaskChain:66 - Task start: logComm FRACTION; Classifier: k=4, p=0.3, x=0.0;
Graphs: n = [100, 50, 30, 20], probabilities = [[0.4, 0.02, 0.02, 0.02], [0.02, 0.4, 0.02, 0.02], [0.02, 0.02, 0.4, 0.02], [0.02, 0.02, 0.02, 0.4]], numOfClusters = 4, count = 5, pointsCount = 10
l13:31:46,525  INFO TaskChain:70 - Task done: logComm FRACTION; Classifier: k=4, p=0.3, x=0.0;
Graphs: n = [100, 50, 30, 20], probabilities = [[0.4, 0.02, 0.02, 0.02], [0.02, 0.4, 0.02, 0.02], [0.02, 0.02, 0.4, 0.02], [0.02, 0.02, 0.02, 0.4]], numOfClusters = 4, count = 5, pointsCount = 10. Time: 3486 
l13:31:46,526  INFO TaskChain:66 - Task start: SP-CT LINEAR; Classifier: k=4, p=0.3, x=0.0;
Graphs: n = [100, 50, 30, 20], probabilities = [[0.4, 0.02, 0.02, 0.02], [0.02, 0.4, 0.02, 0.02], [0.02, 0.02, 0.4, 0.02], [0.02, 0.02, 0.02, 0.4]], numOfClusters = 4, count = 5, pointsCount = 10
l13:32:12,656  INFO TaskChain:70 - Task done: SP-CT LINEAR; Classifier: k=4, p=0.3, x=0.0;
Graphs: n = [100, 50, 30, 20], probabilities = [[0.4, 0.02, 0.02, 0.02], [0.02, 0.4, 0.02, 0.02], [0.02, 0.02, 0.4, 0.02], [0.02, 0.02, 0.02, 0.4]], numOfClusters = 4, count = 5, pointsCount = 10. Time: 26127 
l13:32:12,657  INFO TaskChain:66 - Task start: FE FRACTION_BETA; Classifier: k=4, p=0.3, x=0.0;
Graphs: n = [100, 50, 30, 20], probabilities = [[0.4, 0.02, 0.02, 0.02], [0.02, 0.4, 0.02, 0.02], [0.02, 0.02, 0.4, 0.02], [0.02, 0.02, 0.02, 0.4]], numOfClusters = 4, count = 5, pointsCount = 10
l13:33:03,352  INFO TaskChain:61 - Start task chain Classifier: k=4, p=0.3, x=0.0;
	Graphs: sizes=[100, 50, 30, 20], probabilities=[[0.4, 0.02, 0.02, 0.02], [0.02, 0.4, 0.02, 0.02], [0.02, 0.02, 0.4, 0.02], [0.02, 0.02, 0.02, 0.4]], numOfClusters=4, count=5, pointsCount=10
l13:33:03,356  INFO TaskChain:66 - Task start: Plain Walk RHO; Classifier: k=4, p=0.3, x=0.0;
	Graphs: sizes=[100, 50, 30, 20], probabilities=[[0.4, 0.02, 0.02, 0.02], [0.02, 0.4, 0.02, 0.02], [0.02, 0.02, 0.4, 0.02], [0.02, 0.02, 0.02, 0.4]], numOfClusters=4, count=5, pointsCount = 10
l13:33:11,799  INFO TaskChain:70 - Task done: Plain Walk RHO; Classifier: k=4, p=0.3, x=0.0;
	Graphs: sizes=[100, 50, 30, 20], probabilities=[[0.4, 0.02, 0.02, 0.02], [0.02, 0.4, 0.02, 0.02], [0.02, 0.02, 0.4, 0.02], [0.02, 0.02, 0.02, 0.4]], numOfClusters=4, count=5, pointsCount = 10. Time: 8443 
l13:33:11,800  INFO TaskChain:66 - Task start: Walk RHO; Classifier: k=4, p=0.3, x=0.0;
	Graphs: sizes=[100, 50, 30, 20], probabilities=[[0.4, 0.02, 0.02, 0.02], [0.02, 0.4, 0.02, 0.02], [0.02, 0.02, 0.4, 0.02], [0.02, 0.02, 0.02, 0.4]], numOfClusters=4, count=5, pointsCount = 10
l13:33:19,253  INFO TaskChain:70 - Task done: Walk RHO; Classifier: k=4, p=0.3, x=0.0;
	Graphs: sizes=[100, 50, 30, 20], probabilities=[[0.4, 0.02, 0.02, 0.02], [0.02, 0.4, 0.02, 0.02], [0.02, 0.02, 0.4, 0.02], [0.02, 0.02, 0.02, 0.4]], numOfClusters=4, count=5, pointsCount = 10. Time: 7453 
l13:33:19,256  INFO TaskChain:66 - Task start: For FRACTION; Classifier: k=4, p=0.3, x=0.0;
	Graphs: sizes=[100, 50, 30, 20], probabilities=[[0.4, 0.02, 0.02, 0.02], [0.02, 0.4, 0.02, 0.02], [0.02, 0.02, 0.4, 0.02], [0.02, 0.02, 0.02, 0.4]], numOfClusters=4, count=5, pointsCount = 10
l13:33:20,159  INFO TaskChain:70 - Task done: For FRACTION; Classifier: k=4, p=0.3, x=0.0;
	Graphs: sizes=[100, 50, 30, 20], probabilities=[[0.4, 0.02, 0.02, 0.02], [0.02, 0.4, 0.02, 0.02], [0.02, 0.02, 0.4, 0.02], [0.02, 0.02, 0.02, 0.4]], numOfClusters=4, count=5, pointsCount = 10. Time: 905 
l13:33:20,160  INFO TaskChain:66 - Task start: logFor FRACTION; Classifier: k=4, p=0.3, x=0.0;
	Graphs: sizes=[100, 50, 30, 20], probabilities=[[0.4, 0.02, 0.02, 0.02], [0.02, 0.4, 0.02, 0.02], [0.02, 0.02, 0.4, 0.02], [0.02, 0.02, 0.02, 0.4]], numOfClusters=4, count=5, pointsCount = 10
l13:33:21,135  INFO TaskChain:70 - Task done: logFor FRACTION; Classifier: k=4, p=0.3, x=0.0;
	Graphs: sizes=[100, 50, 30, 20], probabilities=[[0.4, 0.02, 0.02, 0.02], [0.02, 0.4, 0.02, 0.02], [0.02, 0.02, 0.4, 0.02], [0.02, 0.02, 0.02, 0.4]], numOfClusters=4, count=5, pointsCount = 10. Time: 975 
l13:33:21,136  INFO TaskChain:66 - Task start: Comm FRACTION; Classifier: k=4, p=0.3, x=0.0;
	Graphs: sizes=[100, 50, 30, 20], probabilities=[[0.4, 0.02, 0.02, 0.02], [0.02, 0.4, 0.02, 0.02], [0.02, 0.02, 0.4, 0.02], [0.02, 0.02, 0.02, 0.4]], numOfClusters=4, count=5, pointsCount = 10
l13:33:24,866  INFO TaskChain:70 - Task done: Comm FRACTION; Classifier: k=4, p=0.3, x=0.0;
	Graphs: sizes=[100, 50, 30, 20], probabilities=[[0.4, 0.02, 0.02, 0.02], [0.02, 0.4, 0.02, 0.02], [0.02, 0.02, 0.4, 0.02], [0.02, 0.02, 0.02, 0.4]], numOfClusters=4, count=5, pointsCount = 10. Time: 3730 
l13:33:24,866  INFO TaskChain:66 - Task start: logComm FRACTION; Classifier: k=4, p=0.3, x=0.0;
	Graphs: sizes=[100, 50, 30, 20], probabilities=[[0.4, 0.02, 0.02, 0.02], [0.02, 0.4, 0.02, 0.02], [0.02, 0.02, 0.4, 0.02], [0.02, 0.02, 0.02, 0.4]], numOfClusters=4, count=5, pointsCount = 10
l13:33:28,533  INFO TaskChain:70 - Task done: logComm FRACTION; Classifier: k=4, p=0.3, x=0.0;
	Graphs: sizes=[100, 50, 30, 20], probabilities=[[0.4, 0.02, 0.02, 0.02], [0.02, 0.4, 0.02, 0.02], [0.02, 0.02, 0.4, 0.02], [0.02, 0.02, 0.02, 0.4]], numOfClusters=4, count=5, pointsCount = 10. Time: 3666 
l13:33:28,533  INFO TaskChain:66 - Task start: SP-CT LINEAR; Classifier: k=4, p=0.3, x=0.0;
	Graphs: sizes=[100, 50, 30, 20], probabilities=[[0.4, 0.02, 0.02, 0.02], [0.02, 0.4, 0.02, 0.02], [0.02, 0.02, 0.4, 0.02], [0.02, 0.02, 0.02, 0.4]], numOfClusters=4, count=5, pointsCount = 10
l13:33:53,517  INFO TaskChain:70 - Task done: SP-CT LINEAR; Classifier: k=4, p=0.3, x=0.0;
	Graphs: sizes=[100, 50, 30, 20], probabilities=[[0.4, 0.02, 0.02, 0.02], [0.02, 0.4, 0.02, 0.02], [0.02, 0.02, 0.4, 0.02], [0.02, 0.02, 0.02, 0.4]], numOfClusters=4, count=5, pointsCount = 10. Time: 24982 
l13:33:53,518  INFO TaskChain:66 - Task start: FE FRACTION_BETA; Classifier: k=4, p=0.3, x=0.0;
	Graphs: sizes=[100, 50, 30, 20], probabilities=[[0.4, 0.02, 0.02, 0.02], [0.02, 0.4, 0.02, 0.02], [0.02, 0.02, 0.4, 0.02], [0.02, 0.02, 0.02, 0.4]], numOfClusters=4, count=5, pointsCount = 10
l13:37:14,401  INFO TaskChain:61 - Start task chain Classifier: k=4, p=0.3, x=0.0;
	Graphs: sizes=[100, 50, 30, 20], probabilities=[[0.4, 0.02, 0.02, 0.02], [0.02, 0.4, 0.02, 0.02], [0.02, 0.02, 0.4, 0.02], [0.02, 0.02, 0.02, 0.4]], count=5, pointsCount=10
l13:37:14,407  INFO TaskChain:66 - Task start: Plain Walk RHO; pointsCount = 10; Classifier: k=4, p=0.3, x=0.0;
	Graphs: sizes=[100, 50, 30, 20], probabilities=[[0.4, 0.02, 0.02, 0.02], [0.02, 0.4, 0.02, 0.02], [0.02, 0.02, 0.4, 0.02], [0.02, 0.02, 0.02, 0.4]], count=5
l13:37:22,446  INFO TaskChain:70 - Task done: Plain Walk RHO; pointsCount = 10; Classifier: k=4, p=0.3, x=0.0;
	Graphs: sizes=[100, 50, 30, 20], probabilities=[[0.4, 0.02, 0.02, 0.02], [0.02, 0.4, 0.02, 0.02], [0.02, 0.02, 0.4, 0.02], [0.02, 0.02, 0.02, 0.4]], count=5.
	Time: 8040 
l13:37:22,446  INFO TaskChain:66 - Task start: Walk RHO; pointsCount = 10; Classifier: k=4, p=0.3, x=0.0;
	Graphs: sizes=[100, 50, 30, 20], probabilities=[[0.4, 0.02, 0.02, 0.02], [0.02, 0.4, 0.02, 0.02], [0.02, 0.02, 0.4, 0.02], [0.02, 0.02, 0.02, 0.4]], count=5
l13:37:29,680  INFO TaskChain:70 - Task done: Walk RHO; pointsCount = 10; Classifier: k=4, p=0.3, x=0.0;
	Graphs: sizes=[100, 50, 30, 20], probabilities=[[0.4, 0.02, 0.02, 0.02], [0.02, 0.4, 0.02, 0.02], [0.02, 0.02, 0.4, 0.02], [0.02, 0.02, 0.02, 0.4]], count=5.
	Time: 7233 
l13:37:29,683  INFO TaskChain:66 - Task start: For FRACTION; pointsCount = 10; Classifier: k=4, p=0.3, x=0.0;
	Graphs: sizes=[100, 50, 30, 20], probabilities=[[0.4, 0.02, 0.02, 0.02], [0.02, 0.4, 0.02, 0.02], [0.02, 0.02, 0.4, 0.02], [0.02, 0.02, 0.02, 0.4]], count=5
l13:37:30,565  INFO TaskChain:70 - Task done: For FRACTION; pointsCount = 10; Classifier: k=4, p=0.3, x=0.0;
	Graphs: sizes=[100, 50, 30, 20], probabilities=[[0.4, 0.02, 0.02, 0.02], [0.02, 0.4, 0.02, 0.02], [0.02, 0.02, 0.4, 0.02], [0.02, 0.02, 0.02, 0.4]], count=5.
	Time: 885 
l13:37:30,565  INFO TaskChain:66 - Task start: logFor FRACTION; pointsCount = 10; Classifier: k=4, p=0.3, x=0.0;
	Graphs: sizes=[100, 50, 30, 20], probabilities=[[0.4, 0.02, 0.02, 0.02], [0.02, 0.4, 0.02, 0.02], [0.02, 0.02, 0.4, 0.02], [0.02, 0.02, 0.02, 0.4]], count=5
l13:37:31,518  INFO TaskChain:70 - Task done: logFor FRACTION; pointsCount = 10; Classifier: k=4, p=0.3, x=0.0;
	Graphs: sizes=[100, 50, 30, 20], probabilities=[[0.4, 0.02, 0.02, 0.02], [0.02, 0.4, 0.02, 0.02], [0.02, 0.02, 0.4, 0.02], [0.02, 0.02, 0.02, 0.4]], count=5.
	Time: 953 
l13:37:31,519  INFO TaskChain:66 - Task start: Comm FRACTION; pointsCount = 10; Classifier: k=4, p=0.3, x=0.0;
	Graphs: sizes=[100, 50, 30, 20], probabilities=[[0.4, 0.02, 0.02, 0.02], [0.02, 0.4, 0.02, 0.02], [0.02, 0.02, 0.4, 0.02], [0.02, 0.02, 0.02, 0.4]], count=5
l13:37:35,104  INFO TaskChain:70 - Task done: Comm FRACTION; pointsCount = 10; Classifier: k=4, p=0.3, x=0.0;
	Graphs: sizes=[100, 50, 30, 20], probabilities=[[0.4, 0.02, 0.02, 0.02], [0.02, 0.4, 0.02, 0.02], [0.02, 0.02, 0.4, 0.02], [0.02, 0.02, 0.02, 0.4]], count=5.
	Time: 3585 
l13:37:35,104  INFO TaskChain:66 - Task start: logComm FRACTION; pointsCount = 10; Classifier: k=4, p=0.3, x=0.0;
	Graphs: sizes=[100, 50, 30, 20], probabilities=[[0.4, 0.02, 0.02, 0.02], [0.02, 0.4, 0.02, 0.02], [0.02, 0.02, 0.4, 0.02], [0.02, 0.02, 0.02, 0.4]], count=5
l13:37:38,597  INFO TaskChain:70 - Task done: logComm FRACTION; pointsCount = 10; Classifier: k=4, p=0.3, x=0.0;
	Graphs: sizes=[100, 50, 30, 20], probabilities=[[0.4, 0.02, 0.02, 0.02], [0.02, 0.4, 0.02, 0.02], [0.02, 0.02, 0.4, 0.02], [0.02, 0.02, 0.02, 0.4]], count=5.
	Time: 3493 
l13:37:38,598  INFO TaskChain:66 - Task start: SP-CT LINEAR; pointsCount = 10; Classifier: k=4, p=0.3, x=0.0;
	Graphs: sizes=[100, 50, 30, 20], probabilities=[[0.4, 0.02, 0.02, 0.02], [0.02, 0.4, 0.02, 0.02], [0.02, 0.02, 0.4, 0.02], [0.02, 0.02, 0.02, 0.4]], count=5
l13:38:03,309  INFO TaskChain:70 - Task done: SP-CT LINEAR; pointsCount = 10; Classifier: k=4, p=0.3, x=0.0;
	Graphs: sizes=[100, 50, 30, 20], probabilities=[[0.4, 0.02, 0.02, 0.02], [0.02, 0.4, 0.02, 0.02], [0.02, 0.02, 0.4, 0.02], [0.02, 0.02, 0.02, 0.4]], count=5.
	Time: 24710 
l13:38:03,309  INFO TaskChain:66 - Task start: FE FRACTION_BETA; pointsCount = 10; Classifier: k=4, p=0.3, x=0.0;
	Graphs: sizes=[100, 50, 30, 20], probabilities=[[0.4, 0.02, 0.02, 0.02], [0.02, 0.4, 0.02, 0.02], [0.02, 0.02, 0.4, 0.02], [0.02, 0.02, 0.02, 0.4]], count=5
l13:38:29,641  INFO TaskChain:70 - Task done: FE FRACTION_BETA; pointsCount = 10; Classifier: k=4, p=0.3, x=0.0;
	Graphs: sizes=[100, 50, 30, 20], probabilities=[[0.4, 0.02, 0.02, 0.02], [0.02, 0.4, 0.02, 0.02], [0.02, 0.02, 0.4, 0.02], [0.02, 0.02, 0.02, 0.4]], count=5.
	Time: 26332 
l13:38:29,642  INFO TaskChain:74 - Task chain done. Time: 75245
l13:38:29,668  INFO TaskChain:61 - Start task chain test
l13:38:29,668  INFO TaskChain:66 - Task start: Comm FRACTION; pointsCount = 10; Clusterer: k=4;
	Graphs: sizes=[100, 50, 30, 20], probabilities=[[0.4, 0.02, 0.02, 0.02], [0.02, 0.4, 0.02, 0.02], [0.02, 0.02, 0.4, 0.02], [0.02, 0.02, 0.02, 0.4]], count=2
l13:38:31,165  INFO TaskChain:70 - Task done: Comm FRACTION; pointsCount = 10; Clusterer: k=4;
	Graphs: sizes=[100, 50, 30, 20], probabilities=[[0.4, 0.02, 0.02, 0.02], [0.02, 0.4, 0.02, 0.02], [0.02, 0.02, 0.4, 0.02], [0.02, 0.02, 0.02, 0.4]], count=2.
	Time: 1497 
l13:38:31,165  INFO TaskChain:74 - Task chain done. Time: 1497
l13:38:31,186  INFO TaskChain:61 - Start task chain test SP-CT attitude
l13:38:31,186  INFO TaskChain:66 - Task start: SP-CT LINEAR
l13:38:31,193  INFO TaskChain:70 - Task done: SP-CT LINEAR.
	Time: 7 
l13:38:31,193  INFO TaskChain:74 - Task chain done. Time: 7
l13:38:31,518  INFO TaskChain:61 - Start task chain test
l13:38:31,518  INFO TaskChain:66 - Task start: Comm FRACTION; pointsCount = 10; Classifier: k=4, p=0.3, x=0.0;
	Graphs: sizes=[100, 50, 30, 20], probabilities=[[0.4, 0.02, 0.02, 0.02], [0.02, 0.4, 0.02, 0.02], [0.02, 0.02, 0.4, 0.02], [0.02, 0.02, 0.02, 0.4]], count=2
l13:38:33,179  INFO TaskChain:70 - Task done: Comm FRACTION; pointsCount = 10; Classifier: k=4, p=0.3, x=0.0;
	Graphs: sizes=[100, 50, 30, 20], probabilities=[[0.4, 0.02, 0.02, 0.02], [0.02, 0.4, 0.02, 0.02], [0.02, 0.02, 0.4, 0.02], [0.02, 0.02, 0.02, 0.4]], count=2.
	Time: 1661 
l13:38:33,179  INFO TaskChain:74 - Task chain done. Time: 1661
l13:39:07,122  INFO TaskChain:61 - START task CHAIN Classifier: k=4, p=0.3, x=0.0;
	Graphs: sizes=[100, 50, 30, 20], probabilities=[[0.4, 0.02, 0.02, 0.02], [0.02, 0.4, 0.02, 0.02], [0.02, 0.02, 0.4, 0.02], [0.02, 0.02, 0.02, 0.4]], count=5, pointsCount=10
l13:39:07,127  INFO TaskChain:66 - Task START: Plain Walk RHO; pointsCount = 10; Classifier: k=4, p=0.3, x=0.0;
	Graphs: sizes=[100, 50, 30, 20], probabilities=[[0.4, 0.02, 0.02, 0.02], [0.02, 0.4, 0.02, 0.02], [0.02, 0.02, 0.4, 0.02], [0.02, 0.02, 0.02, 0.4]], count=5
l13:46:26,640  INFO TaskChain:61 - START task CHAIN test SP-CT attitude
l13:46:26,730  INFO TaskChain:66 - Task START: SP-CT LINEAR
l13:46:27,067  INFO TaskChain:70 - Task DONE: SP-CT LINEAR.
	Time: 336 
l13:46:27,067  INFO TaskChain:74 - Task CHAIN DONE. Time: 438
l13:48:09,827  INFO TaskChain:61 - START task CHAIN test
l13:48:09,902  INFO TaskChain:66 - Task START: Comm FRACTION; pointsCount = 10; Clusterer: k=4;
	Graphs: sizes=[100, 50, 30, 20], probabilities=[[0.4, 0.02, 0.02, 0.02], [0.02, 0.4, 0.02, 0.02], [0.02, 0.02, 0.4, 0.02], [0.02, 0.02, 0.02, 0.4]], count=2
l13:48:11,841  INFO TaskChain:70 - Task DONE: Comm FRACTION; pointsCount = 10; Clusterer: k=4;
	Graphs: sizes=[100, 50, 30, 20], probabilities=[[0.4, 0.02, 0.02, 0.02], [0.02, 0.4, 0.02, 0.02], [0.02, 0.02, 0.4, 0.02], [0.02, 0.02, 0.02, 0.4]], count=2.
	Time: 1940 
l13:48:11,842  INFO TaskChain:74 - Task CHAIN DONE. Time: 2018
l13:59:34,415  INFO TaskChain:61 - START task CHAIN test
l13:59:34,509  INFO TaskChain:66 - Task START: Comm FRACTION; pointsCount = 10; Clusterer: k=4;
	Graphs: sizes=[100, 50, 30, 20], probabilities=[[0.4, 0.02, 0.02, 0.02], [0.02, 0.4, 0.02, 0.02], [0.02, 0.02, 0.4, 0.02], [0.02, 0.02, 0.02, 0.4]], count=2
l13:59:35,339  INFO Checker:65 - Comm: 1.0E-5 0.3523618090452261
l13:59:35,535  INFO Checker:65 - Comm: 0.11111888888888889 NaN
l13:59:35,685  INFO Checker:65 - Comm: 0.2222277777777778 NaN
l13:59:35,841  INFO Checker:65 - Comm: 0.33333666666666667 NaN
l13:59:35,993  INFO Checker:65 - Comm: 0.4444455555555556 NaN
l13:59:36,156  INFO Checker:65 - Comm: 0.5555544444444445 NaN
l13:59:36,319  INFO Checker:65 - Comm: 0.6666633333333333 NaN
l13:59:36,456  INFO Checker:65 - Comm: 0.7777722222222222 NaN
l13:59:36,596  INFO Checker:65 - Comm: 0.8888811111111111 NaN
l13:59:36,748  INFO Checker:65 - Comm: 0.99999 NaN
l13:59:36,762  INFO TaskChain:70 - Task DONE: Comm FRACTION; pointsCount = 10; Clusterer: k=4;
	Graphs: sizes=[100, 50, 30, 20], probabilities=[[0.4, 0.02, 0.02, 0.02], [0.02, 0.4, 0.02, 0.02], [0.02, 0.02, 0.4, 0.02], [0.02, 0.02, 0.02, 0.4]], count=2.
	Time: 2256 
l13:59:36,763  INFO TaskChain:74 - Task CHAIN DONE. Time: 2352
l14:07:15,961  INFO TaskChain:61 - START task CHAIN test
l14:07:16,088  INFO TaskChain:66 - Task START: Comm FRACTION; pointsCount = 10; Clusterer: k=4;
	Graphs: sizes=[100, 50, 30, 20], probabilities=[[0.4, 0.02, 0.02, 0.02], [0.02, 0.4, 0.02, 0.02], [0.02, 0.02, 0.4, 0.02], [0.02, 0.02, 0.02, 0.4]], count=2
l14:07:27,528  INFO Checker:65 - Comm: 1.0E-5 0.35180904522613066
l14:07:53,127  INFO Checker:65 - Comm: 0.11111888888888889 NaN
l14:09:16,677  INFO TaskChain:61 - START task CHAIN test
l14:09:16,803  INFO TaskChain:66 - Task START: Comm FRACTION; pointsCount = 10; Clusterer: k=4;
	Graphs: sizes=[100, 50, 30, 20], probabilities=[[0.4, 0.02, 0.02, 0.02], [0.02, 0.4, 0.02, 0.02], [0.02, 0.02, 0.4, 0.02], [0.02, 0.02, 0.02, 0.4]], count=2
l14:09:30,121  INFO Checker:61 - Comm: 1.000010000100001E-5 0.3518592964824121
l14:09:35,344  INFO Checker:61 - Comm: 1.000010000100001E-5 0.35035175879396985
l14:09:40,142  INFO Checker:61 - Comm: 0.12500984383613356 NaN
l14:11:14,558  INFO Checker:61 - Comm: 0.12500984383613356 NaN
l14:15:41,703  INFO TaskChain:61 - START task CHAIN test
l14:15:41,825  INFO TaskChain:66 - Task START: Comm FRACTION; pointsCount = 10; Clusterer: k=4;
	Graphs: sizes=[100, 50, 30, 20], probabilities=[[0.4, 0.02, 0.02, 0.02], [0.02, 0.4, 0.02, 0.02], [0.02, 0.02, 0.4, 0.02], [0.02, 0.02, 0.02, 0.4]], count=2
l14:16:00,649  INFO Checker:61 - Comm: 1.000010000100001E-5 0.34984924623115576
l14:16:04,891  INFO Checker:61 - Comm: 1.000010000100001E-5 0.3548743718592965
l14:16:06,916  INFO Checker:61 - Comm: 0.12500984383613356 NaN
l14:20:35,502  INFO Checker:61 - Comm: 0.12500984383613356 NaN
l14:29:28,254  INFO TaskChain:61 - START task CHAIN test
l14:29:28,338  INFO TaskChain:66 - Task START: Comm FRACTION; pointsCount = 10; Clusterer: k=4;
	Graphs: sizes=[100, 100, 100, 100, 100], probabilities=[[0.4, 0.02, 0.02, 0.02, 0.02], [0.02, 0.4, 0.02, 0.02, 0.02], [0.02, 0.02, 0.4, 0.02, 0.02], [0.02, 0.02, 0.02, 0.4, 0.02], [0.02, 0.02, 0.02, 0.02, 0.4]], count=2
l14:29:31,380  INFO Checker:64 - Comm: 1.0E-5 0.20563527054108222
l14:29:35,730  INFO TaskChain:61 - START task CHAIN test
l14:29:35,833  INFO TaskChain:66 - Task START: Comm FRACTION; pointsCount = 10; Clusterer: k=4;
	Graphs: sizes=[100, 100, 100, 100, 100], probabilities=[[0.4, 0.02, 0.02, 0.02, 0.02], [0.02, 0.4, 0.02, 0.02, 0.02], [0.02, 0.02, 0.4, 0.02, 0.02], [0.02, 0.02, 0.02, 0.4, 0.02], [0.02, 0.02, 0.02, 0.02, 0.4]], count=2
l14:31:34,399  INFO Checker:64 - Comm: 1.0E-5 0.20561122244488983
l14:31:38,999  INFO Checker:64 - Comm: 0.11111888888888889 NaN
l15:01:26,250  INFO Checker:64 - Comm: 0.2222277777777778 NaN
l15:05:30,931  INFO TaskChain:61 - START task CHAIN test
l15:05:31,019  INFO TaskChain:66 - Task START: FE FRACTION_BETA; pointsCount = 10; Classifier: k=4, p=0.3, x=0.0;
	Graphs: sizes=[100, 100, 100, 100, 100], probabilities=[[0.4, 0.02, 0.02, 0.02, 0.02], [0.02, 0.4, 0.02, 0.02, 0.02], [0.02, 0.02, 0.4, 0.02, 0.02], [0.02, 0.02, 0.02, 0.4, 0.02], [0.02, 0.02, 0.02, 0.02, 0.4]], count=2
l15:05:48,862  INFO Checker:64 - FE: 1.0E-5 NaN
l15:06:04,992  INFO Checker:64 - FE: 0.11111888888888889 0.3346456692913386
l15:06:21,875  INFO Checker:64 - FE: 0.2222277777777778 0.3333333333333333
l15:06:38,112  INFO Checker:64 - FE: 0.33333666666666667 0.32808398950131235
l15:06:56,169  INFO Checker:64 - FE: 0.4444455555555556 0.3162729658792651
l15:07:11,593  INFO Checker:64 - FE: 0.5555544444444445 0.31627296587926507
l15:07:26,989  INFO Checker:64 - FE: 0.6666633333333333 0.2952755905511811
l15:07:42,528  INFO Checker:64 - FE: 0.7777722222222222 0.2900262467191601
l15:07:58,098  INFO Checker:64 - FE: 0.8888811111111111 0.30577427821522307
l15:08:13,559  INFO Checker:64 - FE: 0.99999 0.42519685039370075
l15:08:13,564  INFO TaskChain:70 - Task DONE: FE FRACTION_BETA; pointsCount = 10; Classifier: k=4, p=0.3, x=0.0;
	Graphs: sizes=[100, 100, 100, 100, 100], probabilities=[[0.4, 0.02, 0.02, 0.02, 0.02], [0.02, 0.4, 0.02, 0.02, 0.02], [0.02, 0.02, 0.4, 0.02, 0.02], [0.02, 0.02, 0.02, 0.4, 0.02], [0.02, 0.02, 0.02, 0.02, 0.4]], count=2.
	Time: 162547 
l15:08:13,565  INFO TaskChain:74 - Task CHAIN DONE. Time: 162645
l15:36:32,843  INFO TaskChain:61 - START task CHAIN test
l15:36:32,927  INFO TaskChain:66 - Task START: Comm FRACTION; pointsCount = 10; Classifier: k=4, p=0.3, x=0.0;
	Graphs: sizes=[100, 100, 100, 100, 100], probabilities=[[0.4, 0.02, 0.02, 0.02, 0.02], [0.02, 0.4, 0.02, 0.02, 0.02], [0.02, 0.02, 0.4, 0.02, 0.02], [0.02, 0.02, 0.02, 0.4, 0.02], [0.02, 0.02, 0.02, 0.02, 0.4]], count=2
l15:36:33,952  INFO Checker:64 - Comm: 1.0E-5 0.33858267716535434
l15:36:34,602  INFO Checker:64 - Comm: 0.11111888888888889 NaN
l15:36:35,304  INFO Checker:64 - Comm: 0.2222277777777778 NaN
l15:36:36,007  INFO Checker:64 - Comm: 0.33333666666666667 NaN
l15:36:36,762  INFO Checker:64 - Comm: 0.4444455555555556 NaN
l15:36:37,565  INFO Checker:64 - Comm: 0.5555544444444445 NaN
l15:36:38,388  INFO Checker:64 - Comm: 0.6666633333333333 NaN
l15:36:39,198  INFO Checker:64 - Comm: 0.7777722222222222 NaN
l15:36:40,086  INFO Checker:64 - Comm: 0.8888811111111111 NaN
l15:36:41,651  INFO Checker:64 - Comm: 0.99999 NaN
l15:36:41,657  INFO TaskChain:70 - Task DONE: Comm FRACTION; pointsCount = 10; Classifier: k=4, p=0.3, x=0.0;
	Graphs: sizes=[100, 100, 100, 100, 100], probabilities=[[0.4, 0.02, 0.02, 0.02, 0.02], [0.02, 0.4, 0.02, 0.02, 0.02], [0.02, 0.02, 0.4, 0.02, 0.02], [0.02, 0.02, 0.02, 0.4, 0.02], [0.02, 0.02, 0.02, 0.02, 0.4]], count=2.
	Time: 8732 
l15:36:41,658  INFO TaskChain:74 - Task CHAIN DONE. Time: 8826
l15:41:42,452  INFO TaskChain:61 - START task CHAIN test
l15:41:42,537  INFO TaskChain:66 - Task START: Comm FRACTION; pointsCount = 10; Classifier: k=4, p=0.3, x=0.0;
	Graphs: sizes=[100, 100, 100, 100, 100], probabilities=[[0.4, 0.02, 0.02, 0.02, 0.02], [0.02, 0.4, 0.02, 0.02, 0.02], [0.02, 0.02, 0.4, 0.02, 0.02], [0.02, 0.02, 0.02, 0.4, 0.02], [0.02, 0.02, 0.02, 0.02, 0.4]], count=2
l15:41:45,256  INFO Checker:64 - Comm: 1.0E-5 0.3464566929133858
l15:41:47,193  INFO Checker:64 - Comm: 0.11111888888888889 NaN
l15:41:49,111  INFO Checker:64 - Comm: 0.2222277777777778 NaN
l15:41:50,988  INFO Checker:64 - Comm: 0.33333666666666667 NaN
l15:41:52,874  INFO Checker:64 - Comm: 0.4444455555555556 NaN
l15:41:54,758  INFO Checker:64 - Comm: 0.5555544444444445 NaN
l15:41:56,647  INFO Checker:64 - Comm: 0.6666633333333333 NaN
l15:41:58,518  INFO Checker:64 - Comm: 0.7777722222222222 NaN
l15:42:00,395  INFO Checker:64 - Comm: 0.8888811111111111 NaN
l15:42:02,439  INFO Checker:64 - Comm: 0.99999 NaN
l15:42:02,444  INFO TaskChain:70 - Task DONE: Comm FRACTION; pointsCount = 10; Classifier: k=4, p=0.3, x=0.0;
	Graphs: sizes=[100, 100, 100, 100, 100], probabilities=[[0.4, 0.02, 0.02, 0.02, 0.02], [0.02, 0.4, 0.02, 0.02, 0.02], [0.02, 0.02, 0.4, 0.02, 0.02], [0.02, 0.02, 0.02, 0.4, 0.02], [0.02, 0.02, 0.02, 0.02, 0.4]], count=2.
	Time: 19909 
l15:42:02,445  INFO TaskChain:74 - Task CHAIN DONE. Time: 20003
l15:45:57,230  INFO TaskChain:61 - START task CHAIN test
l15:45:57,311  INFO TaskChain:66 - Task START: Comm FRACTION; pointsCount = 10; Classifier: k=4, p=0.3, x=0.0;
	Graphs: sizes=[100, 50, 30, 20], probabilities=[[0.4, 0.02, 0.02, 0.02], [0.02, 0.4, 0.02, 0.02], [0.02, 0.02, 0.4, 0.02], [0.02, 0.02, 0.02, 0.4]], count=2
l15:45:58,020  INFO Checker:64 - Comm: 1.0E-5 0.48299319727891155
l15:45:58,309  INFO Checker:64 - Comm: 0.11111888888888889 NaN
l15:45:58,543  INFO Checker:64 - Comm: 0.2222277777777778 NaN
l15:45:58,720  INFO Checker:64 - Comm: 0.33333666666666667 NaN
l15:45:58,874  INFO Checker:64 - Comm: 0.4444455555555556 NaN
l15:45:59,039  INFO Checker:64 - Comm: 0.5555544444444445 NaN
l15:45:59,197  INFO Checker:64 - Comm: 0.6666633333333333 NaN
l15:45:59,353  INFO Checker:64 - Comm: 0.7777722222222222 NaN
l15:45:59,518  INFO Checker:64 - Comm: 0.8888811111111111 NaN
l15:45:59,671  INFO Checker:64 - Comm: 0.99999 NaN
l15:45:59,677  INFO TaskChain:70 - Task DONE: Comm FRACTION; pointsCount = 10; Classifier: k=4, p=0.3, x=0.0;
	Graphs: sizes=[100, 50, 30, 20], probabilities=[[0.4, 0.02, 0.02, 0.02], [0.02, 0.4, 0.02, 0.02], [0.02, 0.02, 0.4, 0.02], [0.02, 0.02, 0.02, 0.4]], count=2.
	Time: 2368 
l15:45:59,677  INFO TaskChain:74 - Task CHAIN DONE. Time: 2454
l